=== Building OpenGlasses Fri Mar 20 20:13:24 PDT 2026 ===
Command line invocation:
    /Applications/Xcode.app/Contents/Developer/usr/bin/xcodebuild -project OpenGlasses.xcodeproj -scheme OpenGlasses -destination id=00008150-0008089E02C0401C DEVELOPMENT_TEAM=YSK4U56F2F "CODE_SIGN_IDENTITY=Apple Development" CODE_SIGN_STYLE=Automatic -allowProvisioningUpdates build

Build settings from command line:
    CODE_SIGN_IDENTITY = Apple Development
    CODE_SIGN_STYLE = Automatic
    DEVELOPMENT_TEAM = YSK4U56F2F

Resolve Package Graph


Resolved source packages:
  MetaWearablesDAT: https://github.com/facebook/meta-wearables-dat-ios.git @ 0.5.0

2026-03-20 20:13:24.663 xcodebuild[33933:457500] [MT] IDERunDestination: Supported platforms for the buildables in the current scheme is empty.
note: Using codesigning identity override: Apple Development
ComputePackagePrebuildTargetDependencyGraph

Prepare packages

CreateBuildRequest

SendProjectDescription

CreateBuildOperation

ComputeTargetDependencyGraph
note: Building targets in dependency order
note: Target dependency graph (3 targets)
    Target 'OpenGlasses' in project 'OpenGlasses'
        ➜ Explicit dependency on target 'MWDATCore' in project 'MetaWearablesDAT'
        ➜ Explicit dependency on target 'MWDATCamera' in project 'MetaWearablesDAT'
    Target 'MWDATCamera' in project 'MetaWearablesDAT' (no dependencies)
    Target 'MWDATCore' in project 'MetaWearablesDAT' (no dependencies)

GatherProvisioningInputs

CreateBuildDescription

ExecuteExternalTool /Applications/Xcode.app/Contents/Developer/Toolchains/XcodeDefault.xctoolchain/usr/bin/clang -v -E -dM -isysroot /Applications/Xcode.app/Contents/Developer/Platforms/iPhoneOS.platform/Developer/SDKs/iPhoneOS26.2.sdk -x c -c /dev/null

ExecuteExternalTool /Applications/Xcode.app/Contents/Developer/usr/bin/actool --print-asset-tag-combinations --output-format xml1 /Users/benjaminwesleythomas/GitProjects/forit-OpenGlasses/OpenGlasses/Sources/Resources/Assets.xcassets

ExecuteExternalTool /Applications/Xcode.app/Contents/Developer/usr/bin/actool --version --output-format xml1

ExecuteExternalTool /Applications/Xcode.app/Contents/Developer/Toolchains/XcodeDefault.xctoolchain/usr/bin/swiftc --version

ExecuteExternalTool /Applications/Xcode.app/Contents/Developer/Toolchains/XcodeDefault.xctoolchain/usr/bin/ld -version_details

Build description signature: cb7603a477652812c3b5f329187661cc
Build description path: /Users/benjaminwesleythomas/Library/Developer/Xcode/DerivedData/OpenGlasses-bniyoekppdhpdmasrnkrcvzflyjj/Build/Intermediates.noindex/XCBuildData/cb7603a477652812c3b5f329187661cc.xcbuilddata
ProcessProductPackaging /Users/benjaminwesleythomas/GitProjects/forit-OpenGlasses/OpenGlasses/OpenGlasses.entitlements /Users/benjaminwesleythomas/Library/Developer/Xcode/DerivedData/OpenGlasses-bniyoekppdhpdmasrnkrcvzflyjj/Build/Intermediates.noindex/OpenGlasses.build/Debug-iphoneos/OpenGlasses.build/OpenGlasses.app-Simulated.xcent (in target 'OpenGlasses' from project 'OpenGlasses')
    cd /Users/benjaminwesleythomas/GitProjects/forit-OpenGlasses
    
    Entitlements:
    
    {
}
    
    builtin-productPackagingUtility /Users/benjaminwesleythomas/GitProjects/forit-OpenGlasses/OpenGlasses/OpenGlasses.entitlements -entitlements -format xml -o /Users/benjaminwesleythomas/Library/Developer/Xcode/DerivedData/OpenGlasses-bniyoekppdhpdmasrnkrcvzflyjj/Build/Intermediates.noindex/OpenGlasses.build/Debug-iphoneos/OpenGlasses.build/OpenGlasses.app-Simulated.xcent

ProcessProductPackaging /Users/benjaminwesleythomas/GitProjects/forit-OpenGlasses/OpenGlasses/OpenGlasses.entitlements /Users/benjaminwesleythomas/Library/Developer/Xcode/DerivedData/OpenGlasses-bniyoekppdhpdmasrnkrcvzflyjj/Build/Intermediates.noindex/OpenGlasses.build/Debug-iphoneos/OpenGlasses.build/OpenGlasses.app.xcent (in target 'OpenGlasses' from project 'OpenGlasses')
    cd /Users/benjaminwesleythomas/GitProjects/forit-OpenGlasses
    
    Entitlements:
    
    {
    "application-identifier" = "YSK4U56F2F.com.forit.openglasses.dolores";
    "com.apple.developer.team-identifier" = YSK4U56F2F;
    "get-task-allow" = 1;
}
    
    builtin-productPackagingUtility /Users/benjaminwesleythomas/GitProjects/forit-OpenGlasses/OpenGlasses/OpenGlasses.entitlements -entitlements -format xml -o /Users/benjaminwesleythomas/Library/Developer/Xcode/DerivedData/OpenGlasses-bniyoekppdhpdmasrnkrcvzflyjj/Build/Intermediates.noindex/OpenGlasses.build/Debug-iphoneos/OpenGlasses.build/OpenGlasses.app.xcent

ProcessProductPackagingDER /Users/benjaminwesleythomas/Library/Developer/Xcode/DerivedData/OpenGlasses-bniyoekppdhpdmasrnkrcvzflyjj/Build/Intermediates.noindex/OpenGlasses.build/Debug-iphoneos/OpenGlasses.build/OpenGlasses.app-Simulated.xcent /Users/benjaminwesleythomas/Library/Developer/Xcode/DerivedData/OpenGlasses-bniyoekppdhpdmasrnkrcvzflyjj/Build/Intermediates.noindex/OpenGlasses.build/Debug-iphoneos/OpenGlasses.build/OpenGlasses.app-Simulated.xcent.der (in target 'OpenGlasses' from project 'OpenGlasses')
    cd /Users/benjaminwesleythomas/GitProjects/forit-OpenGlasses
    /usr/bin/derq query -f xml -i /Users/benjaminwesleythomas/Library/Developer/Xcode/DerivedData/OpenGlasses-bniyoekppdhpdmasrnkrcvzflyjj/Build/Intermediates.noindex/OpenGlasses.build/Debug-iphoneos/OpenGlasses.build/OpenGlasses.app-Simulated.xcent -o /Users/benjaminwesleythomas/Library/Developer/Xcode/DerivedData/OpenGlasses-bniyoekppdhpdmasrnkrcvzflyjj/Build/Intermediates.noindex/OpenGlasses.build/Debug-iphoneos/OpenGlasses.build/OpenGlasses.app-Simulated.xcent.der --raw

ProcessProductPackagingDER /Users/benjaminwesleythomas/Library/Developer/Xcode/DerivedData/OpenGlasses-bniyoekppdhpdmasrnkrcvzflyjj/Build/Intermediates.noindex/OpenGlasses.build/Debug-iphoneos/OpenGlasses.build/OpenGlasses.app.xcent /Users/benjaminwesleythomas/Library/Developer/Xcode/DerivedData/OpenGlasses-bniyoekppdhpdmasrnkrcvzflyjj/Build/Intermediates.noindex/OpenGlasses.build/Debug-iphoneos/OpenGlasses.build/OpenGlasses.app.xcent.der (in target 'OpenGlasses' from project 'OpenGlasses')
    cd /Users/benjaminwesleythomas/GitProjects/forit-OpenGlasses
    /usr/bin/derq query -f xml -i /Users/benjaminwesleythomas/Library/Developer/Xcode/DerivedData/OpenGlasses-bniyoekppdhpdmasrnkrcvzflyjj/Build/Intermediates.noindex/OpenGlasses.build/Debug-iphoneos/OpenGlasses.build/OpenGlasses.app.xcent -o /Users/benjaminwesleythomas/Library/Developer/Xcode/DerivedData/OpenGlasses-bniyoekppdhpdmasrnkrcvzflyjj/Build/Intermediates.noindex/OpenGlasses.build/Debug-iphoneos/OpenGlasses.build/OpenGlasses.app.xcent.der --raw

ClangStatCache /Applications/Xcode.app/Contents/Developer/Toolchains/XcodeDefault.xctoolchain/usr/bin/clang-stat-cache /Applications/Xcode.app/Contents/Developer/Platforms/iPhoneOS.platform/Developer/SDKs/iPhoneOS26.2.sdk /Users/benjaminwesleythomas/Library/Developer/Xcode/DerivedData/SDKStatCaches.noindex/iphoneos26.2-23C57-3794476bd08197c3e2abd9bb477ef7f7.sdkstatcache
    cd /Users/benjaminwesleythomas/GitProjects/forit-OpenGlasses/OpenGlasses.xcodeproj
    /Applications/Xcode.app/Contents/Developer/Toolchains/XcodeDefault.xctoolchain/usr/bin/clang-stat-cache /Applications/Xcode.app/Contents/Developer/Platforms/iPhoneOS.platform/Developer/SDKs/iPhoneOS26.2.sdk -o /Users/benjaminwesleythomas/Library/Developer/Xcode/DerivedData/SDKStatCaches.noindex/iphoneos26.2-23C57-3794476bd08197c3e2abd9bb477ef7f7.sdkstatcache

CompileAssetCatalogVariant thinned /Users/benjaminwesleythomas/Library/Developer/Xcode/DerivedData/OpenGlasses-bniyoekppdhpdmasrnkrcvzflyjj/Build/Products/Debug-iphoneos/OpenGlasses.app /Users/benjaminwesleythomas/GitProjects/forit-OpenGlasses/OpenGlasses/Sources/Resources/Assets.xcassets (in target 'OpenGlasses' from project 'OpenGlasses')
    cd /Users/benjaminwesleythomas/GitProjects/forit-OpenGlasses
    /Applications/Xcode.app/Contents/Developer/usr/bin/actool /Users/benjaminwesleythomas/GitProjects/forit-OpenGlasses/OpenGlasses/Sources/Resources/Assets.xcassets --compile /Users/benjaminwesleythomas/Library/Developer/Xcode/DerivedData/OpenGlasses-bniyoekppdhpdmasrnkrcvzflyjj/Build/Intermediates.noindex/OpenGlasses.build/Debug-iphoneos/OpenGlasses.build/assetcatalog_output/thinned --output-format human-readable-text --notices --warnings --export-dependency-info /Users/benjaminwesleythomas/Library/Developer/Xcode/DerivedData/OpenGlasses-bniyoekppdhpdmasrnkrcvzflyjj/Build/Intermediates.noindex/OpenGlasses.build/Debug-iphoneos/OpenGlasses.build/assetcatalog_dependencies_thinned --output-partial-info-plist /Users/benjaminwesleythomas/Library/Developer/Xcode/DerivedData/OpenGlasses-bniyoekppdhpdmasrnkrcvzflyjj/Build/Intermediates.noindex/OpenGlasses.build/Debug-iphoneos/OpenGlasses.build/assetcatalog_generated_info.plist_thinned --app-icon AppIcon --compress-pngs --enable-on-demand-resources YES --filter-for-thinning-device-configuration iPhone18,2 --filter-for-device-os-version 26.3.1 --development-region en --target-device iphone --target-device ipad --minimum-deployment-target 26.0 --platform iphoneos
/* com.apple.actool.compilation-results */
/Users/benjaminwesleythomas/Library/Developer/Xcode/DerivedData/OpenGlasses-bniyoekppdhpdmasrnkrcvzflyjj/Build/Intermediates.noindex/OpenGlasses.build/Debug-iphoneos/OpenGlasses.build/assetcatalog_generated_info.plist_thinned
/Users/benjaminwesleythomas/Library/Developer/Xcode/DerivedData/OpenGlasses-bniyoekppdhpdmasrnkrcvzflyjj/Build/Intermediates.noindex/OpenGlasses.build/Debug-iphoneos/OpenGlasses.build/assetcatalog_output/thinned/AppIcon60x60@2x.png
/Users/benjaminwesleythomas/Library/Developer/Xcode/DerivedData/OpenGlasses-bniyoekppdhpdmasrnkrcvzflyjj/Build/Intermediates.noindex/OpenGlasses.build/Debug-iphoneos/OpenGlasses.build/assetcatalog_output/thinned/AppIcon76x76@2x~ipad.png
/Users/benjaminwesleythomas/Library/Developer/Xcode/DerivedData/OpenGlasses-bniyoekppdhpdmasrnkrcvzflyjj/Build/Intermediates.noindex/OpenGlasses.build/Debug-iphoneos/OpenGlasses.build/assetcatalog_output/thinned/Assets.car


LinkAssetCatalog /Users/benjaminwesleythomas/GitProjects/forit-OpenGlasses/OpenGlasses/Sources/Resources/Assets.xcassets (in target 'OpenGlasses' from project 'OpenGlasses')
    cd /Users/benjaminwesleythomas/GitProjects/forit-OpenGlasses
    builtin-linkAssetCatalog --thinned /Users/benjaminwesleythomas/Library/Developer/Xcode/DerivedData/OpenGlasses-bniyoekppdhpdmasrnkrcvzflyjj/Build/Intermediates.noindex/OpenGlasses.build/Debug-iphoneos/OpenGlasses.build/assetcatalog_output/thinned --thinned-dependencies /Users/benjaminwesleythomas/Library/Developer/Xcode/DerivedData/OpenGlasses-bniyoekppdhpdmasrnkrcvzflyjj/Build/Intermediates.noindex/OpenGlasses.build/Debug-iphoneos/OpenGlasses.build/assetcatalog_dependencies_thinned --thinned-info-plist-content /Users/benjaminwesleythomas/Library/Developer/Xcode/DerivedData/OpenGlasses-bniyoekppdhpdmasrnkrcvzflyjj/Build/Intermediates.noindex/OpenGlasses.build/Debug-iphoneos/OpenGlasses.build/assetcatalog_generated_info.plist_thinned --unthinned /Users/benjaminwesleythomas/Library/Developer/Xcode/DerivedData/OpenGlasses-bniyoekppdhpdmasrnkrcvzflyjj/Build/Intermediates.noindex/OpenGlasses.build/Debug-iphoneos/OpenGlasses.build/assetcatalog_output/unthinned --unthinned-dependencies /Users/benjaminwesleythomas/Library/Developer/Xcode/DerivedData/OpenGlasses-bniyoekppdhpdmasrnkrcvzflyjj/Build/Intermediates.noindex/OpenGlasses.build/Debug-iphoneos/OpenGlasses.build/assetcatalog_dependencies_unthinned --unthinned-info-plist-content /Users/benjaminwesleythomas/Library/Developer/Xcode/DerivedData/OpenGlasses-bniyoekppdhpdmasrnkrcvzflyjj/Build/Intermediates.noindex/OpenGlasses.build/Debug-iphoneos/OpenGlasses.build/assetcatalog_generated_info.plist_unthinned --output /Users/benjaminwesleythomas/Library/Developer/Xcode/DerivedData/OpenGlasses-bniyoekppdhpdmasrnkrcvzflyjj/Build/Products/Debug-iphoneos/OpenGlasses.app --plist-output /Users/benjaminwesleythomas/Library/Developer/Xcode/DerivedData/OpenGlasses-bniyoekppdhpdmasrnkrcvzflyjj/Build/Intermediates.noindex/OpenGlasses.build/Debug-iphoneos/OpenGlasses.build/assetcatalog_generated_info.plist
note: Emplaced /Users/benjaminwesleythomas/Library/Developer/Xcode/DerivedData/OpenGlasses-bniyoekppdhpdmasrnkrcvzflyjj/Build/Products/Debug-iphoneos/OpenGlasses.app/Assets.car (in target 'OpenGlasses' from project 'OpenGlasses')
note: Emplaced /Users/benjaminwesleythomas/Library/Developer/Xcode/DerivedData/OpenGlasses-bniyoekppdhpdmasrnkrcvzflyjj/Build/Products/Debug-iphoneos/OpenGlasses.app/AppIcon76x76@2x~ipad.png (in target 'OpenGlasses' from project 'OpenGlasses')
note: Emplaced /Users/benjaminwesleythomas/Library/Developer/Xcode/DerivedData/OpenGlasses-bniyoekppdhpdmasrnkrcvzflyjj/Build/Products/Debug-iphoneos/OpenGlasses.app/AppIcon60x60@2x.png (in target 'OpenGlasses' from project 'OpenGlasses')

CopySwiftLibs /Users/benjaminwesleythomas/Library/Developer/Xcode/DerivedData/OpenGlasses-bniyoekppdhpdmasrnkrcvzflyjj/Build/Products/Debug-iphoneos/OpenGlasses.app (in target 'OpenGlasses' from project 'OpenGlasses')
    cd /Users/benjaminwesleythomas/GitProjects/forit-OpenGlasses
    builtin-swiftStdLibTool --copy --verbose --sign 8B803EB3A471D8D7C68DDB5941E9B0287C2BDC81 --scan-executable /Users/benjaminwesleythomas/Library/Developer/Xcode/DerivedData/OpenGlasses-bniyoekppdhpdmasrnkrcvzflyjj/Build/Products/Debug-iphoneos/OpenGlasses.app/OpenGlasses.debug.dylib --scan-folder /Users/benjaminwesleythomas/Library/Developer/Xcode/DerivedData/OpenGlasses-bniyoekppdhpdmasrnkrcvzflyjj/Build/Products/Debug-iphoneos/OpenGlasses.app/Frameworks --scan-folder /Users/benjaminwesleythomas/Library/Developer/Xcode/DerivedData/OpenGlasses-bniyoekppdhpdmasrnkrcvzflyjj/Build/Products/Debug-iphoneos/OpenGlasses.app/PlugIns --scan-folder /Users/benjaminwesleythomas/Library/Developer/Xcode/DerivedData/OpenGlasses-bniyoekppdhpdmasrnkrcvzflyjj/Build/Products/Debug-iphoneos/OpenGlasses.app/SystemExtensions --scan-folder /Users/benjaminwesleythomas/Library/Developer/Xcode/DerivedData/OpenGlasses-bniyoekppdhpdmasrnkrcvzflyjj/Build/Products/Debug-iphoneos/OpenGlasses.app/Extensions --platform iphoneos --toolchain /Applications/Xcode.app/Contents/Developer/Toolchains/XcodeDefault.xctoolchain --destination /Users/benjaminwesleythomas/Library/Developer/Xcode/DerivedData/OpenGlasses-bniyoekppdhpdmasrnkrcvzflyjj/Build/Products/Debug-iphoneos/OpenGlasses.app/Frameworks --strip-bitcode --strip-bitcode-tool /Applications/Xcode.app/Contents/Developer/Toolchains/XcodeDefault.xctoolchain/usr/bin/bitcode_strip --emit-dependency-info /Users/benjaminwesleythomas/Library/Developer/Xcode/DerivedData/OpenGlasses-bniyoekppdhpdmasrnkrcvzflyjj/Build/Intermediates.noindex/OpenGlasses.build/Debug-iphoneos/OpenGlasses.build/SwiftStdLibToolInputDependencies.dep --filter-for-swift-os

CodeSign /Users/benjaminwesleythomas/Library/Developer/Xcode/DerivedData/OpenGlasses-bniyoekppdhpdmasrnkrcvzflyjj/Build/Products/Debug-iphoneos/OpenGlasses.app/Frameworks/MWDATCore.framework (in target 'OpenGlasses' from project 'OpenGlasses')
    cd /Users/benjaminwesleythomas/GitProjects/forit-OpenGlasses
    
    Signing Identity:     "Apple Development: b.thomas@forit.io (HPC755J76X)"
    Provisioning Profile: "iOS Team Provisioning Profile: com.forit.openglasses.dolores"
                          (d0412850-a6a2-4919-b7d7-1016f60c4066)
    
    /usr/bin/codesign --force --sign 8B803EB3A471D8D7C68DDB5941E9B0287C2BDC81 --timestamp\=none --preserve-metadata\=identifier,entitlements,flags --generate-entitlement-der /Users/benjaminwesleythomas/Library/Developer/Xcode/DerivedData/OpenGlasses-bniyoekppdhpdmasrnkrcvzflyjj/Build/Products/Debug-iphoneos/OpenGlasses.app/Frameworks/MWDATCore.framework
/Users/benjaminwesleythomas/Library/Developer/Xcode/DerivedData/OpenGlasses-bniyoekppdhpdmasrnkrcvzflyjj/Build/Products/Debug-iphoneos/OpenGlasses.app/Frameworks/MWDATCore.framework: replacing existing signature

CodeSign /Users/benjaminwesleythomas/Library/Developer/Xcode/DerivedData/OpenGlasses-bniyoekppdhpdmasrnkrcvzflyjj/Build/Products/Debug-iphoneos/OpenGlasses.app/Frameworks/MWDATCamera.framework (in target 'OpenGlasses' from project 'OpenGlasses')
    cd /Users/benjaminwesleythomas/GitProjects/forit-OpenGlasses
    
    Signing Identity:     "Apple Development: b.thomas@forit.io (HPC755J76X)"
    Provisioning Profile: "iOS Team Provisioning Profile: com.forit.openglasses.dolores"
                          (d0412850-a6a2-4919-b7d7-1016f60c4066)
    
    /usr/bin/codesign --force --sign 8B803EB3A471D8D7C68DDB5941E9B0287C2BDC81 --timestamp\=none --preserve-metadata\=identifier,entitlements,flags --generate-entitlement-der /Users/benjaminwesleythomas/Library/Developer/Xcode/DerivedData/OpenGlasses-bniyoekppdhpdmasrnkrcvzflyjj/Build/Products/Debug-iphoneos/OpenGlasses.app/Frameworks/MWDATCamera.framework
/Users/benjaminwesleythomas/Library/Developer/Xcode/DerivedData/OpenGlasses-bniyoekppdhpdmasrnkrcvzflyjj/Build/Products/Debug-iphoneos/OpenGlasses.app/Frameworks/MWDATCamera.framework: replacing existing signature

ProcessInfoPlistFile /Users/benjaminwesleythomas/Library/Developer/Xcode/DerivedData/OpenGlasses-bniyoekppdhpdmasrnkrcvzflyjj/Build/Products/Debug-iphoneos/OpenGlasses.app/Info.plist /Users/benjaminwesleythomas/GitProjects/forit-OpenGlasses/OpenGlasses/Info.plist (in target 'OpenGlasses' from project 'OpenGlasses')
    cd /Users/benjaminwesleythomas/GitProjects/forit-OpenGlasses
    builtin-infoPlistUtility /Users/benjaminwesleythomas/GitProjects/forit-OpenGlasses/OpenGlasses/Info.plist -producttype com.apple.product-type.application -genpkginfo /Users/benjaminwesleythomas/Library/Developer/Xcode/DerivedData/OpenGlasses-bniyoekppdhpdmasrnkrcvzflyjj/Build/Products/Debug-iphoneos/OpenGlasses.app/PkgInfo -expandbuildsettings -format binary -platform iphoneos -additionalcontentfile /Users/benjaminwesleythomas/Library/Developer/Xcode/DerivedData/OpenGlasses-bniyoekppdhpdmasrnkrcvzflyjj/Build/Intermediates.noindex/OpenGlasses.build/Debug-iphoneos/OpenGlasses.build/assetcatalog_generated_info.plist -scanforprivacyfile /Users/benjaminwesleythomas/Library/Developer/Xcode/DerivedData/OpenGlasses-bniyoekppdhpdmasrnkrcvzflyjj/Build/Products/Debug-iphoneos/OpenGlasses.app/Frameworks/MWDATCamera.framework -scanforprivacyfile /Users/benjaminwesleythomas/Library/Developer/Xcode/DerivedData/OpenGlasses-bniyoekppdhpdmasrnkrcvzflyjj/Build/Products/Debug-iphoneos/OpenGlasses.app/Frameworks/MWDATCore.framework -requiredArchitecture arm64 -o /Users/benjaminwesleythomas/Library/Developer/Xcode/DerivedData/OpenGlasses-bniyoekppdhpdmasrnkrcvzflyjj/Build/Products/Debug-iphoneos/OpenGlasses.app/Info.plist

CodeSign /Users/benjaminwesleythomas/Library/Developer/Xcode/DerivedData/OpenGlasses-bniyoekppdhpdmasrnkrcvzflyjj/Build/Products/Debug-iphoneos/OpenGlasses.app/OpenGlasses.debug.dylib (in target 'OpenGlasses' from project 'OpenGlasses')
    cd /Users/benjaminwesleythomas/GitProjects/forit-OpenGlasses
    
    Signing Identity:     "Apple Development: b.thomas@forit.io (HPC755J76X)"
    Provisioning Profile: "iOS Team Provisioning Profile: com.forit.openglasses.dolores"
                          (d0412850-a6a2-4919-b7d7-1016f60c4066)
    
    /usr/bin/codesign --force --sign 8B803EB3A471D8D7C68DDB5941E9B0287C2BDC81 --timestamp\=none --generate-entitlement-der /Users/benjaminwesleythomas/Library/Developer/Xcode/DerivedData/OpenGlasses-bniyoekppdhpdmasrnkrcvzflyjj/Build/Products/Debug-iphoneos/OpenGlasses.app/OpenGlasses.debug.dylib
/Users/benjaminwesleythomas/Library/Developer/Xcode/DerivedData/OpenGlasses-bniyoekppdhpdmasrnkrcvzflyjj/Build/Products/Debug-iphoneos/OpenGlasses.app/OpenGlasses.debug.dylib: replacing existing signature

CodeSign /Users/benjaminwesleythomas/Library/Developer/Xcode/DerivedData/OpenGlasses-bniyoekppdhpdmasrnkrcvzflyjj/Build/Products/Debug-iphoneos/OpenGlasses.app/__preview.dylib (in target 'OpenGlasses' from project 'OpenGlasses')
    cd /Users/benjaminwesleythomas/GitProjects/forit-OpenGlasses
    
    Signing Identity:     "Apple Development: b.thomas@forit.io (HPC755J76X)"
    Provisioning Profile: "iOS Team Provisioning Profile: com.forit.openglasses.dolores"
                          (d0412850-a6a2-4919-b7d7-1016f60c4066)
    
    /usr/bin/codesign --force --sign 8B803EB3A471D8D7C68DDB5941E9B0287C2BDC81 --timestamp\=none --generate-entitlement-der /Users/benjaminwesleythomas/Library/Developer/Xcode/DerivedData/OpenGlasses-bniyoekppdhpdmasrnkrcvzflyjj/Build/Products/Debug-iphoneos/OpenGlasses.app/__preview.dylib
/Users/benjaminwesleythomas/Library/Developer/Xcode/DerivedData/OpenGlasses-bniyoekppdhpdmasrnkrcvzflyjj/Build/Products/Debug-iphoneos/OpenGlasses.app/__preview.dylib: replacing existing signature

CodeSign /Users/benjaminwesleythomas/Library/Developer/Xcode/DerivedData/OpenGlasses-bniyoekppdhpdmasrnkrcvzflyjj/Build/Products/Debug-iphoneos/OpenGlasses.app (in target 'OpenGlasses' from project 'OpenGlasses')
    cd /Users/benjaminwesleythomas/GitProjects/forit-OpenGlasses
    
    Signing Identity:     "Apple Development: b.thomas@forit.io (HPC755J76X)"
    Provisioning Profile: "iOS Team Provisioning Profile: com.forit.openglasses.dolores"
                          (d0412850-a6a2-4919-b7d7-1016f60c4066)
    
    /usr/bin/codesign --force --sign 8B803EB3A471D8D7C68DDB5941E9B0287C2BDC81 --entitlements /Users/benjaminwesleythomas/Library/Developer/Xcode/DerivedData/OpenGlasses-bniyoekppdhpdmasrnkrcvzflyjj/Build/Intermediates.noindex/OpenGlasses.build/Debug-iphoneos/OpenGlasses.build/OpenGlasses.app.xcent --timestamp\=none --generate-entitlement-der /Users/benjaminwesleythomas/Library/Developer/Xcode/DerivedData/OpenGlasses-bniyoekppdhpdmasrnkrcvzflyjj/Build/Products/Debug-iphoneos/OpenGlasses.app
/Users/benjaminwesleythomas/Library/Developer/Xcode/DerivedData/OpenGlasses-bniyoekppdhpdmasrnkrcvzflyjj/Build/Products/Debug-iphoneos/OpenGlasses.app: replacing existing signature

Validate /Users/benjaminwesleythomas/Library/Developer/Xcode/DerivedData/OpenGlasses-bniyoekppdhpdmasrnkrcvzflyjj/Build/Products/Debug-iphoneos/OpenGlasses.app (in target 'OpenGlasses' from project 'OpenGlasses')
    cd /Users/benjaminwesleythomas/GitProjects/forit-OpenGlasses
    builtin-validationUtility /Users/benjaminwesleythomas/Library/Developer/Xcode/DerivedData/OpenGlasses-bniyoekppdhpdmasrnkrcvzflyjj/Build/Products/Debug-iphoneos/OpenGlasses.app -shallow-bundle -infoplist-subpath Info.plist

** BUILD SUCCEEDED **

=== BUILD SUCCEEDED Fri Mar 20 20:13:29 PDT 2026 ===
